<?xml version="1.0" encoding="UTF-8"?>
<coverage generated="1656199823376" clover="3.2.0">
  <project timestamp="1656199823376" name="All files">
    <metrics statements="34" coveredstatements="32" conditionals="29" coveredconditionals="27" methods="2" coveredmethods="2" elements="65" coveredelements="61" complexity="0" loc="34" ncloc="34" packages="1" files="1" classes="1"/>
    <file name="index.ts" path="/Users/aprax/leetcode_projects/typescript_dijkstras_single_shortest_path/src/index.ts">
      <metrics statements="34" coveredstatements="32" conditionals="29" coveredconditionals="27" methods="2" coveredmethods="2"/>
      <line num="6" count="17" type="stmt"/>
      <line num="7" count="17" type="stmt"/>
      <line num="9" count="17" type="cond" truecount="5" falsecount="0"/>
      <line num="10" count="2" type="stmt"/>
      <line num="13" count="15" type="stmt"/>
      <line num="15" count="15" type="stmt"/>
      <line num="16" count="32" type="cond" truecount="8" falsecount="0"/>
      <line num="17" count="32" type="cond" truecount="1" falsecount="1"/>
      <line num="18" count="0" type="stmt"/>
      <line num="19" count="32" type="cond" truecount="1" falsecount="0"/>
      <line num="20" count="30" type="stmt"/>
      <line num="24" count="15" type="stmt"/>
      <line num="25" count="63" type="stmt"/>
      <line num="26" count="63" type="cond" truecount="0" falsecount="1"/>
      <line num="27" count="0" type="stmt"/>
      <line num="30" count="63" type="cond" truecount="4" falsecount="0"/>
      <line num="31" count="63" type="stmt"/>
      <line num="32" count="28" type="cond" truecount="2" falsecount="0"/>
      <line num="33" count="18" type="stmt"/>
      <line num="34" count="10" type="cond" truecount="2" falsecount="0"/>
      <line num="35" count="4" type="stmt"/>
      <line num="37" count="6" type="stmt"/>
      <line num="40" count="63" type="stmt"/>
      <line num="41" count="57" type="cond" truecount="2" falsecount="0"/>
      <line num="42" count="41" type="stmt"/>
      <line num="43" count="41" type="stmt"/>
      <line num="44" count="41" type="cond" truecount="1" falsecount="0"/>
      <line num="45" count="2" type="stmt"/>
      <line num="52" count="16" type="stmt"/>
      <line num="54" count="57" type="cond" truecount="1" falsecount="0"/>
      <line num="55" count="31" type="stmt"/>
      <line num="59" count="63" type="stmt"/>
      <line num="62" count="15" type="stmt"/>
      <line num="64" count="6" type="stmt"/>
    </file>
  </project>
</coverage>
