{"/Users/aprax/leetcode_projects/typescript_dijkstras_single_shortest_path/src/index.ts": {"path":"/Users/aprax/leetcode_projects/typescript_dijkstras_single_shortest_path/src/index.ts","statementMap":{"0":{"start":{"line":6,"column":17},"end":{"line":6,"column":32}},"1":{"start":{"line":7,"column":52},"end":{"line":7,"column":80}},"2":{"start":{"line":9,"column":1},"end":{"line":11,"column":null}},"3":{"start":{"line":10,"column":2},"end":{"line":10,"column":30}},"4":{"start":{"line":13,"column":23},"end":{"line":13,"column":39}},"5":{"start":{"line":15,"column":1},"end":{"line":22,"column":null}},"6":{"start":{"line":16,"column":28},"end":{"line":16,"column":73}},"7":{"start":{"line":17,"column":2},"end":{"line":21,"column":null}},"8":{"start":{"line":18,"column":3},"end":{"line":18,"column":54}},"9":{"start":{"line":19,"column":9},"end":{"line":21,"column":null}},"10":{"start":{"line":20,"column":3},"end":{"line":20,"column":54}},"11":{"start":{"line":24,"column":1},"end":{"line":60,"column":null}},"12":{"start":{"line":25,"column":15},"end":{"line":25,"column":28}},"13":{"start":{"line":26,"column":2},"end":{"line":28,"column":null}},"14":{"start":{"line":27,"column":3},"end":{"line":27,"column":53}},"15":{"start":{"line":30,"column":17},"end":{"line":30,"column":41}},"16":{"start":{"line":31,"column":2},"end":{"line":39,"column":5}},"17":{"start":{"line":32,"column":3},"end":{"line":38,"column":null}},"18":{"start":{"line":33,"column":4},"end":{"line":33,"column":13}},"19":{"start":{"line":34,"column":10},"end":{"line":38,"column":null}},"20":{"start":{"line":35,"column":4},"end":{"line":35,"column":13}},"21":{"start":{"line":37,"column":4},"end":{"line":37,"column":14}},"22":{"start":{"line":40,"column":2},"end":{"line":57,"column":null}},"23":{"start":{"line":41,"column":3},"end":{"line":53,"column":null}},"24":{"start":{"line":42,"column":30},"end":{"line":42,"column":77}},"25":{"start":{"line":43,"column":37},"end":{"line":43,"column":74}},"26":{"start":{"line":44,"column":4},"end":{"line":50,"column":null}},"27":{"start":{"line":45,"column":5},"end":{"line":49,"column":null}},"28":{"start":{"line":52,"column":4},"end":{"line":52,"column":68}},"29":{"start":{"line":54,"column":3},"end":{"line":56,"column":null}},"30":{"start":{"line":55,"column":4},"end":{"line":55,"column":21}},"31":{"start":{"line":59,"column":2},"end":{"line":59,"column":23}},"32":{"start":{"line":62,"column":1},"end":{"line":62,"column":29}},"33":{"start":{"line":64,"column":0},"end":{"line":64,"column":null}}},"fnMap":{"0":{"name":"findShortestPath","decl":{"start":{"line":5,"column":9},"end":{"line":5,"column":25}},"loc":{"start":{"line":5,"column":66},"end":{"line":63,"column":1}}},"1":{"name":"(anonymous_1)","decl":{"start":{"line":31,"column":13},"end":{"line":31,"column":14}},"loc":{"start":{"line":31,"column":31},"end":{"line":39,"column":3}}}},"branchMap":{"0":{"loc":{"start":{"line":9,"column":1},"end":{"line":11,"column":null}},"type":"if","locations":[{"start":{"line":9,"column":1},"end":{"line":11,"column":null}}]},"1":{"loc":{"start":{"line":9,"column":6},"end":{"line":9,"column":26}},"type":"cond-expr","locations":[{"start":{"line":9,"column":21},"end":{"line":9,"column":24}},{"start":{"line":9,"column":21},"end":{"line":9,"column":26}}]},"2":{"loc":{"start":{"line":9,"column":6},"end":{"line":9,"column":24}},"type":"binary-expr","locations":[{"start":{"line":9,"column":6},"end":{"line":9,"column":24}},{"start":{"line":9,"column":21},"end":{"line":9,"column":24}}]},"3":{"loc":{"start":{"line":16,"column":28},"end":{"line":16,"column":73}},"type":"cond-expr","locations":[{"start":{"line":16,"column":66},"end":{"line":16,"column":70}},{"start":{"line":16,"column":70},"end":{"line":16,"column":73}}]},"4":{"loc":{"start":{"line":16,"column":28},"end":{"line":16,"column":70}},"type":"binary-expr","locations":[{"start":{"line":16,"column":28},"end":{"line":16,"column":70}},{"start":{"line":16,"column":66},"end":{"line":16,"column":70}}]},"5":{"loc":{"start":{"line":16,"column":28},"end":{"line":16,"column":66}},"type":"cond-expr","locations":[{"start":{"line":16,"column":61},"end":{"line":16,"column":64}},{"start":{"line":16,"column":61},"end":{"line":16,"column":66}}]},"6":{"loc":{"start":{"line":16,"column":28},"end":{"line":16,"column":64}},"type":"binary-expr","locations":[{"start":{"line":16,"column":28},"end":{"line":16,"column":64}},{"start":{"line":16,"column":61},"end":{"line":16,"column":64}}]},"7":{"loc":{"start":{"line":17,"column":2},"end":{"line":21,"column":null}},"type":"if","locations":[{"start":{"line":17,"column":2},"end":{"line":21,"column":null}},{"start":{"line":19,"column":9},"end":{"line":21,"column":null}}]},"8":{"loc":{"start":{"line":19,"column":9},"end":{"line":21,"column":null}},"type":"if","locations":[{"start":{"line":19,"column":9},"end":{"line":21,"column":null}}]},"9":{"loc":{"start":{"line":26,"column":2},"end":{"line":28,"column":null}},"type":"if","locations":[{"start":{"line":26,"column":2},"end":{"line":28,"column":null}}]},"10":{"loc":{"start":{"line":30,"column":17},"end":{"line":30,"column":41}},"type":"cond-expr","locations":[{"start":{"line":30,"column":35},"end":{"line":30,"column":39}},{"start":{"line":30,"column":39},"end":{"line":30,"column":41}}]},"11":{"loc":{"start":{"line":30,"column":17},"end":{"line":30,"column":39}},"type":"binary-expr","locations":[{"start":{"line":30,"column":17},"end":{"line":30,"column":39}},{"start":{"line":30,"column":35},"end":{"line":30,"column":39}}]},"12":{"loc":{"start":{"line":32,"column":3},"end":{"line":38,"column":null}},"type":"if","locations":[{"start":{"line":32,"column":3},"end":{"line":38,"column":null}},{"start":{"line":34,"column":10},"end":{"line":38,"column":null}}]},"13":{"loc":{"start":{"line":34,"column":10},"end":{"line":38,"column":null}},"type":"if","locations":[{"start":{"line":34,"column":10},"end":{"line":38,"column":null}},{"start":{"line":36,"column":10},"end":{"line":38,"column":null}}]},"14":{"loc":{"start":{"line":41,"column":3},"end":{"line":53,"column":null}},"type":"if","locations":[{"start":{"line":41,"column":3},"end":{"line":53,"column":null}},{"start":{"line":51,"column":10},"end":{"line":53,"column":null}}]},"15":{"loc":{"start":{"line":44,"column":4},"end":{"line":50,"column":null}},"type":"if","locations":[{"start":{"line":44,"column":4},"end":{"line":50,"column":null}}]},"16":{"loc":{"start":{"line":54,"column":3},"end":{"line":56,"column":null}},"type":"if","locations":[{"start":{"line":54,"column":3},"end":{"line":56,"column":null}}]}},"s":{"0":17,"1":17,"2":17,"3":2,"4":15,"5":15,"6":32,"7":32,"8":0,"9":32,"10":30,"11":15,"12":63,"13":63,"14":0,"15":63,"16":63,"17":28,"18":18,"19":10,"20":4,"21":6,"22":63,"23":57,"24":41,"25":41,"26":41,"27":2,"28":16,"29":57,"30":31,"31":63,"32":15,"33":6},"f":{"0":17,"1":28},"b":{"0":[2],"1":[1,16],"2":[17,17],"3":[2,30],"4":[32,32],"5":[30,2],"6":[32,32],"7":[0,32],"8":[30],"9":[0],"10":[43,20],"11":[63,63],"12":[18,10],"13":[4,6],"14":[41,16],"15":[2],"16":[31]}}
}
