TN:
SF:src/index.ts
FN:5,findShortestPath
FN:31,(anonymous_1)
FNF:2
FNH:2
FNDA:17,findShortestPath
FNDA:28,(anonymous_1)
DA:6,17
DA:7,17
DA:9,17
DA:10,2
DA:13,15
DA:15,15
DA:16,32
DA:17,32
DA:18,0
DA:19,32
DA:20,30
DA:24,15
DA:25,63
DA:26,63
DA:27,0
DA:30,63
DA:31,63
DA:32,28
DA:33,18
DA:34,10
DA:35,4
DA:37,6
DA:40,63
DA:41,57
DA:42,41
DA:43,41
DA:44,41
DA:45,2
DA:52,16
DA:54,57
DA:55,31
DA:59,63
DA:62,15
DA:64,6
LF:34
LH:32
BRDA:9,0,0,2
BRDA:9,1,0,1
BRDA:9,1,1,16
BRDA:9,2,0,17
BRDA:9,2,1,17
BRDA:16,3,0,2
BRDA:16,3,1,30
BRDA:16,4,0,32
BRDA:16,4,1,32
BRDA:16,5,0,30
BRDA:16,5,1,2
BRDA:16,6,0,32
BRDA:16,6,1,32
BRDA:17,7,0,0
BRDA:17,7,1,32
BRDA:19,8,0,30
BRDA:26,9,0,0
BRDA:30,10,0,43
BRDA:30,10,1,20
BRDA:30,11,0,63
BRDA:30,11,1,63
BRDA:32,12,0,18
BRDA:32,12,1,10
BRDA:34,13,0,4
BRDA:34,13,1,6
BRDA:41,14,0,41
BRDA:41,14,1,16
BRDA:44,15,0,2
BRDA:54,16,0,31
BRF:29
BRH:27
end_of_record
